[2025-05-08T18:38:00.388Z] [INFO] Server is running on port 5000
[2025-05-08T18:38:44.639Z] [INFO] Server is running on port 5000
[2025-05-08T18:38:57.245Z] [INFO] Server is running on port 5000
[2025-05-08T18:39:13.914Z] [INFO] Server is running on port 5000
[2025-05-08T18:39:21.243Z] [REQUEST] Incoming request to POST /api/v1/auth/register
{
  "method": "POST",
  "url": "/api/v1/auth/register",
  "headers": {
    "host": "localhost:5000",
    "connection": "keep-alive",
    "content-length": "72",
    "sec-ch-ua-platform": "\"Windows\"",
    "user-agent": "Mozilla/5.0 (Windows NT 10.0; Win64; x64) AppleWebKit/537.36 (KHTML, like Gecko) Chrome/135.0.0.0 Safari/537.36",
    "sec-ch-ua": "\"Google Chrome\";v=\"135\", \"Not-A.Brand\";v=\"8\", \"Chromium\";v=\"135\"",
    "dnt": "1",
    "content-type": "application/json",
    "sec-ch-ua-mobile": "?0",
    "accept": "*/*",
    "origin": "http://localhost:3000",
    "sec-fetch-site": "same-site",
    "sec-fetch-mode": "cors",
    "sec-fetch-dest": "empty",
    "referer": "http://localhost:3000/",
    "accept-encoding": "gzip, deflate, br, zstd",
    "accept-language": "en-US,en;q=0.9,vi-VN;q=0.8,vi;q=0.7"
  },
  "params": {},
  "query": {}
}
[2025-05-08T18:39:21.256Z] [RESPONSE] Response from POST /api/v1/auth/register
{
  "method": "POST",
  "url": "/api/v1/auth/register",
  "statusCode": 400,
  "responseTime": 11,
  "response": {
    "message": "Missing required fields"
  }
}
[2025-05-08T18:39:50.221Z] [INFO] Server is running on port 5000
[2025-05-08T18:40:04.181Z] [INFO] Server is running on port 5000
